mode: set
github.com/sergicanet9/go-mongo-restapi/business/user/user.go:43.69,49.2 1 1
github.com/sergicanet9/go-mongo-restapi/business/user/user.go:52.78,55.16 3 1
github.com/sergicanet9/go-mongo-restapi/business/user/user.go:58.2,58.21 1 1
github.com/sergicanet9/go-mongo-restapi/business/user/user.go:61.2,63.64 2 1
github.com/sergicanet9/go-mongo-restapi/business/user/user.go:75.2,75.60 1 0
github.com/sergicanet9/go-mongo-restapi/business/user/user.go:55.16,57.3 1 0
github.com/sergicanet9/go-mongo-restapi/business/user/user.go:58.21,60.3 1 0
github.com/sergicanet9/go-mongo-restapi/business/user/user.go:63.64,65.17 2 1
github.com/sergicanet9/go-mongo-restapi/business/user/user.go:69.3,73.21 2 1
github.com/sergicanet9/go-mongo-restapi/business/user/user.go:65.17,67.4 1 0
github.com/sergicanet9/go-mongo-restapi/business/user/user.go:79.71,81.16 2 1
github.com/sergicanet9/go-mongo-restapi/business/user/user.go:85.2,87.16 3 1
github.com/sergicanet9/go-mongo-restapi/business/user/user.go:90.2,90.56 1 1
github.com/sergicanet9/go-mongo-restapi/business/user/user.go:81.16,83.3 1 0
github.com/sergicanet9/go-mongo-restapi/business/user/user.go:87.16,89.3 1 0
github.com/sergicanet9/go-mongo-restapi/business/user/user.go:94.54,96.16 2 1
github.com/sergicanet9/go-mongo-restapi/business/user/user.go:100.2,101.27 2 1
github.com/sergicanet9/go-mongo-restapi/business/user/user.go:105.2,105.19 1 1
github.com/sergicanet9/go-mongo-restapi/business/user/user.go:96.16,98.3 1 0
github.com/sergicanet9/go-mongo-restapi/business/user/user.go:101.27,103.3 1 1
github.com/sergicanet9/go-mongo-restapi/business/user/user.go:109.68,112.16 3 1
github.com/sergicanet9/go-mongo-restapi/business/user/user.go:115.2,115.21 1 1
github.com/sergicanet9/go-mongo-restapi/business/user/user.go:119.2,120.18 2 1
github.com/sergicanet9/go-mongo-restapi/business/user/user.go:112.16,114.3 1 0
github.com/sergicanet9/go-mongo-restapi/business/user/user.go:115.21,117.3 1 0
github.com/sergicanet9/go-mongo-restapi/business/user/user.go:124.62,126.16 2 1
github.com/sergicanet9/go-mongo-restapi/business/user/user.go:129.2,129.52 1 1
github.com/sergicanet9/go-mongo-restapi/business/user/user.go:126.16,128.3 1 0
github.com/sergicanet9/go-mongo-restapi/business/user/user.go:133.62,135.16 2 1
github.com/sergicanet9/go-mongo-restapi/business/user/user.go:138.2,139.19 2 1
github.com/sergicanet9/go-mongo-restapi/business/user/user.go:142.2,142.23 1 1
github.com/sergicanet9/go-mongo-restapi/business/user/user.go:145.2,145.20 1 1
github.com/sergicanet9/go-mongo-restapi/business/user/user.go:148.2,148.26 1 1
github.com/sergicanet9/go-mongo-restapi/business/user/user.go:161.2,161.77 1 1
github.com/sergicanet9/go-mongo-restapi/business/user/user.go:164.2,164.12 1 1
github.com/sergicanet9/go-mongo-restapi/business/user/user.go:135.16,137.3 1 0
github.com/sergicanet9/go-mongo-restapi/business/user/user.go:139.19,141.3 1 1
github.com/sergicanet9/go-mongo-restapi/business/user/user.go:142.23,144.3 1 1
github.com/sergicanet9/go-mongo-restapi/business/user/user.go:145.20,147.3 1 1
github.com/sergicanet9/go-mongo-restapi/business/user/user.go:148.26,149.59 1 0
github.com/sergicanet9/go-mongo-restapi/business/user/user.go:149.59,151.18 2 0
github.com/sergicanet9/go-mongo-restapi/business/user/user.go:155.4,155.38 1 0
github.com/sergicanet9/go-mongo-restapi/business/user/user.go:151.18,153.5 1 0
github.com/sergicanet9/go-mongo-restapi/business/user/user.go:156.9,158.4 1 0
github.com/sergicanet9/go-mongo-restapi/business/user/user.go:161.77,163.3 1 0
github.com/sergicanet9/go-mongo-restapi/business/user/user.go:168.43,169.64 1 1
github.com/sergicanet9/go-mongo-restapi/business/user/user.go:172.2,172.12 1 1
github.com/sergicanet9/go-mongo-restapi/business/user/user.go:169.64,171.3 1 0
github.com/sergicanet9/go-mongo-restapi/business/user/user.go:176.49,182.16 5 0
github.com/sergicanet9/go-mongo-restapi/business/user/user.go:185.2,189.16 4 0
github.com/sergicanet9/go-mongo-restapi/business/user/user.go:192.2,194.16 3 0
github.com/sergicanet9/go-mongo-restapi/business/user/user.go:198.2,198.77 1 0
github.com/sergicanet9/go-mongo-restapi/business/user/user.go:217.2,218.12 2 0
github.com/sergicanet9/go-mongo-restapi/business/user/user.go:182.16,184.3 1 0
github.com/sergicanet9/go-mongo-restapi/business/user/user.go:189.16,191.3 1 0
github.com/sergicanet9/go-mongo-restapi/business/user/user.go:194.16,196.3 1 0
github.com/sergicanet9/go-mongo-restapi/business/user/user.go:198.77,215.3 3 0
github.com/sergicanet9/go-mongo-restapi/business/user/user.go:221.67,229.16 8 1
github.com/sergicanet9/go-mongo-restapi/business/user/user.go:232.2,232.19 1 1
github.com/sergicanet9/go-mongo-restapi/business/user/user.go:229.16,231.3 1 0
github.com/sergicanet9/go-mongo-restapi/business/user/user.go:235.43,237.16 2 1
github.com/sergicanet9/go-mongo-restapi/business/user/user.go:240.2,241.12 2 1
github.com/sergicanet9/go-mongo-restapi/business/user/user.go:237.16,239.3 1 0
github.com/sergicanet9/go-mongo-restapi/business/user/user.go:244.52,247.2 2 1
github.com/sergicanet9/go-mongo-restapi/api/handlers/user.go:15.74,24.2 8 1
github.com/sergicanet9/go-mongo-restapi/api/handlers/user.go:32.49,33.85 1 1
github.com/sergicanet9/go-mongo-restapi/api/handlers/user.go:33.85,36.17 3 1
github.com/sergicanet9/go-mongo-restapi/api/handlers/user.go:41.3,42.17 2 1
github.com/sergicanet9/go-mongo-restapi/api/handlers/user.go:46.3,46.52 1 1
github.com/sergicanet9/go-mongo-restapi/api/handlers/user.go:36.17,39.4 2 0
github.com/sergicanet9/go-mongo-restapi/api/handlers/user.go:42.17,45.4 2 0
github.com/sergicanet9/go-mongo-restapi/api/handlers/user.go:56.50,57.85 1 1
github.com/sergicanet9/go-mongo-restapi/api/handlers/user.go:57.85,60.17 3 1
github.com/sergicanet9/go-mongo-restapi/api/handlers/user.go:65.3,66.17 2 1
github.com/sergicanet9/go-mongo-restapi/api/handlers/user.go:70.3,70.55 1 1
github.com/sergicanet9/go-mongo-restapi/api/handlers/user.go:60.17,63.4 2 0
github.com/sergicanet9/go-mongo-restapi/api/handlers/user.go:66.17,69.4 2 0
github.com/sergicanet9/go-mongo-restapi/api/handlers/user.go:80.51,81.85 1 1
github.com/sergicanet9/go-mongo-restapi/api/handlers/user.go:81.85,83.17 2 1
github.com/sergicanet9/go-mongo-restapi/api/handlers/user.go:87.3,87.49 1 1
github.com/sergicanet9/go-mongo-restapi/api/handlers/user.go:83.17,86.4 2 0
github.com/sergicanet9/go-mongo-restapi/api/handlers/user.go:98.54,99.85 1 1
github.com/sergicanet9/go-mongo-restapi/api/handlers/user.go:99.85,102.17 3 1
github.com/sergicanet9/go-mongo-restapi/api/handlers/user.go:106.3,106.48 1 1
github.com/sergicanet9/go-mongo-restapi/api/handlers/user.go:102.17,105.4 2 0
github.com/sergicanet9/go-mongo-restapi/api/handlers/user.go:117.51,118.85 1 1
github.com/sergicanet9/go-mongo-restapi/api/handlers/user.go:118.85,121.17 3 1
github.com/sergicanet9/go-mongo-restapi/api/handlers/user.go:125.3,125.48 1 1
github.com/sergicanet9/go-mongo-restapi/api/handlers/user.go:121.17,124.4 2 0
github.com/sergicanet9/go-mongo-restapi/api/handlers/user.go:137.50,138.85 1 1
github.com/sergicanet9/go-mongo-restapi/api/handlers/user.go:138.85,142.17 4 1
github.com/sergicanet9/go-mongo-restapi/api/handlers/user.go:147.3,148.17 2 1
github.com/sergicanet9/go-mongo-restapi/api/handlers/user.go:152.3,152.47 1 1
github.com/sergicanet9/go-mongo-restapi/api/handlers/user.go:142.17,145.4 2 0
github.com/sergicanet9/go-mongo-restapi/api/handlers/user.go:148.17,151.4 2 0
github.com/sergicanet9/go-mongo-restapi/api/handlers/user.go:163.50,164.85 1 1
github.com/sergicanet9/go-mongo-restapi/api/handlers/user.go:164.85,167.17 3 1
github.com/sergicanet9/go-mongo-restapi/api/handlers/user.go:171.3,171.47 1 1
github.com/sergicanet9/go-mongo-restapi/api/handlers/user.go:167.17,170.4 2 0
github.com/sergicanet9/go-mongo-restapi/api/handlers/user.go:181.62,182.85 1 1
github.com/sergicanet9/go-mongo-restapi/api/handlers/user.go:182.85,184.17 2 0
github.com/sergicanet9/go-mongo-restapi/api/handlers/user.go:188.3,188.47 1 0
github.com/sergicanet9/go-mongo-restapi/api/handlers/user.go:184.17,187.4 2 0
github.com/sergicanet9/go-mongo-restapi/docs/docs.go:367.30,372.41 3 0
github.com/sergicanet9/go-mongo-restapi/docs/docs.go:377.2,377.16 1 0
github.com/sergicanet9/go-mongo-restapi/docs/docs.go:381.2,382.47 2 0
github.com/sergicanet9/go-mongo-restapi/docs/docs.go:386.2,386.21 1 0
github.com/sergicanet9/go-mongo-restapi/docs/docs.go:372.41,375.4 2 0
github.com/sergicanet9/go-mongo-restapi/docs/docs.go:377.16,379.3 1 0
github.com/sergicanet9/go-mongo-restapi/docs/docs.go:382.47,384.3 1 0
github.com/sergicanet9/go-mongo-restapi/docs/docs.go:389.13,391.2 1 1
github.com/sergicanet9/go-mongo-restapi/api/api.go:24.45,35.16 6 1
github.com/sergicanet9/go-mongo-restapi/api/api.go:39.2,40.57 2 1
github.com/sergicanet9/go-mongo-restapi/api/api.go:35.16,37.3 1 0
github.com/sergicanet9/go-mongo-restapi/api/api.go:44.21,49.2 4 1
github.com/sergicanet9/go-mongo-restapi/config/config.go:23.57,29.16 5 0
github.com/sergicanet9/go-mongo-restapi/config/config.go:33.2,33.15 1 0
github.com/sergicanet9/go-mongo-restapi/config/config.go:39.2,39.15 1 0
github.com/sergicanet9/go-mongo-restapi/config/config.go:29.16,31.3 1 0
github.com/sergicanet9/go-mongo-restapi/config/config.go:33.15,34.81 1 0
github.com/sergicanet9/go-mongo-restapi/config/config.go:34.81,36.4 1 0
github.com/sergicanet9/go-mongo-restapi/config/config.go:42.50,43.45 1 0
github.com/sergicanet9/go-mongo-restapi/config/config.go:47.2,48.16 2 0
github.com/sergicanet9/go-mongo-restapi/config/config.go:52.2,54.36 2 0
github.com/sergicanet9/go-mongo-restapi/config/config.go:58.2,59.16 2 0
github.com/sergicanet9/go-mongo-restapi/config/config.go:63.2,63.12 1 0
github.com/sergicanet9/go-mongo-restapi/config/config.go:43.45,45.3 1 0
github.com/sergicanet9/go-mongo-restapi/config/config.go:48.16,50.3 1 0
github.com/sergicanet9/go-mongo-restapi/config/config.go:54.36,56.3 1 0
github.com/sergicanet9/go-mongo-restapi/config/config.go:59.16,61.3 1 0
