mode: set
github.com/sergicanet9/go-mongo-restapi/api/api.go:24.45,35.16 6 1
github.com/sergicanet9/go-mongo-restapi/api/api.go:39.2,40.57 2 1
github.com/sergicanet9/go-mongo-restapi/api/api.go:35.16,37.3 1 0
github.com/sergicanet9/go-mongo-restapi/api/api.go:44.21,49.2 4 1
github.com/sergicanet9/go-mongo-restapi/config/config.go:23.57,29.16 5 0
github.com/sergicanet9/go-mongo-restapi/config/config.go:33.2,33.15 1 0
github.com/sergicanet9/go-mongo-restapi/config/config.go:39.2,39.15 1 0
github.com/sergicanet9/go-mongo-restapi/config/config.go:29.16,31.3 1 0
github.com/sergicanet9/go-mongo-restapi/config/config.go:33.15,34.81 1 0
github.com/sergicanet9/go-mongo-restapi/config/config.go:34.81,36.4 1 0
github.com/sergicanet9/go-mongo-restapi/config/config.go:42.50,43.45 1 0
github.com/sergicanet9/go-mongo-restapi/config/config.go:47.2,48.16 2 0
github.com/sergicanet9/go-mongo-restapi/config/config.go:52.2,54.36 2 0
github.com/sergicanet9/go-mongo-restapi/config/config.go:58.2,59.16 2 0
github.com/sergicanet9/go-mongo-restapi/config/config.go:63.2,63.12 1 0
github.com/sergicanet9/go-mongo-restapi/config/config.go:43.45,45.3 1 0
github.com/sergicanet9/go-mongo-restapi/config/config.go:48.16,50.3 1 0
github.com/sergicanet9/go-mongo-restapi/config/config.go:54.36,56.3 1 0
github.com/sergicanet9/go-mongo-restapi/config/config.go:59.16,61.3 1 0
github.com/sergicanet9/go-mongo-restapi/models/entities/user.go:19.36,21.2 1 0
github.com/sergicanet9/go-mongo-restapi/models/entities/user.go:23.35,25.2 1 0
github.com/sergicanet9/go-mongo-restapi/models/entities/user.go:27.33,29.45 2 0
github.com/sergicanet9/go-mongo-restapi/models/entities/user.go:32.2,32.15 1 0
github.com/sergicanet9/go-mongo-restapi/models/entities/user.go:29.45,31.3 1 0
github.com/sergicanet9/go-mongo-restapi/business/user/user.go:44.69,50.2 1 1
github.com/sergicanet9/go-mongo-restapi/business/user/user.go:53.78,56.16 3 1
github.com/sergicanet9/go-mongo-restapi/business/user/user.go:59.2,59.21 1 1
github.com/sergicanet9/go-mongo-restapi/business/user/user.go:62.2,64.64 2 1
github.com/sergicanet9/go-mongo-restapi/business/user/user.go:76.2,76.60 1 0
github.com/sergicanet9/go-mongo-restapi/business/user/user.go:56.16,58.3 1 0
github.com/sergicanet9/go-mongo-restapi/business/user/user.go:59.21,61.3 1 0
github.com/sergicanet9/go-mongo-restapi/business/user/user.go:64.64,66.17 2 1
github.com/sergicanet9/go-mongo-restapi/business/user/user.go:70.3,74.21 2 1
github.com/sergicanet9/go-mongo-restapi/business/user/user.go:66.17,68.4 1 0
github.com/sergicanet9/go-mongo-restapi/business/user/user.go:80.71,82.16 2 1
github.com/sergicanet9/go-mongo-restapi/business/user/user.go:86.2,91.16 6 1
github.com/sergicanet9/go-mongo-restapi/business/user/user.go:94.2,94.56 1 1
github.com/sergicanet9/go-mongo-restapi/business/user/user.go:82.16,84.3 1 0
github.com/sergicanet9/go-mongo-restapi/business/user/user.go:91.16,93.3 1 0
github.com/sergicanet9/go-mongo-restapi/business/user/user.go:98.54,100.16 2 1
github.com/sergicanet9/go-mongo-restapi/business/user/user.go:104.2,105.27 2 1
github.com/sergicanet9/go-mongo-restapi/business/user/user.go:109.2,109.19 1 1
github.com/sergicanet9/go-mongo-restapi/business/user/user.go:100.16,102.3 1 0
github.com/sergicanet9/go-mongo-restapi/business/user/user.go:105.27,107.3 1 1
github.com/sergicanet9/go-mongo-restapi/business/user/user.go:113.68,116.16 3 1
github.com/sergicanet9/go-mongo-restapi/business/user/user.go:119.2,119.21 1 1
github.com/sergicanet9/go-mongo-restapi/business/user/user.go:123.2,124.18 2 1
github.com/sergicanet9/go-mongo-restapi/business/user/user.go:116.16,118.3 1 0
github.com/sergicanet9/go-mongo-restapi/business/user/user.go:119.21,121.3 1 0
github.com/sergicanet9/go-mongo-restapi/business/user/user.go:128.62,130.16 2 1
github.com/sergicanet9/go-mongo-restapi/business/user/user.go:133.2,133.52 1 1
github.com/sergicanet9/go-mongo-restapi/business/user/user.go:130.16,132.3 1 0
github.com/sergicanet9/go-mongo-restapi/business/user/user.go:137.62,139.16 2 1
github.com/sergicanet9/go-mongo-restapi/business/user/user.go:142.2,143.19 2 1
github.com/sergicanet9/go-mongo-restapi/business/user/user.go:146.2,146.23 1 1
github.com/sergicanet9/go-mongo-restapi/business/user/user.go:149.2,149.20 1 1
github.com/sergicanet9/go-mongo-restapi/business/user/user.go:152.2,152.26 1 1
github.com/sergicanet9/go-mongo-restapi/business/user/user.go:164.2,164.21 1 1
github.com/sergicanet9/go-mongo-restapi/business/user/user.go:167.2,169.77 2 1
github.com/sergicanet9/go-mongo-restapi/business/user/user.go:172.2,172.12 1 1
github.com/sergicanet9/go-mongo-restapi/business/user/user.go:139.16,141.3 1 0
github.com/sergicanet9/go-mongo-restapi/business/user/user.go:143.19,145.3 1 1
github.com/sergicanet9/go-mongo-restapi/business/user/user.go:146.23,148.3 1 1
github.com/sergicanet9/go-mongo-restapi/business/user/user.go:149.20,151.3 1 1
github.com/sergicanet9/go-mongo-restapi/business/user/user.go:152.26,153.59 1 0
github.com/sergicanet9/go-mongo-restapi/business/user/user.go:153.59,155.18 2 0
github.com/sergicanet9/go-mongo-restapi/business/user/user.go:159.4,159.38 1 0
github.com/sergicanet9/go-mongo-restapi/business/user/user.go:155.18,157.5 1 0
github.com/sergicanet9/go-mongo-restapi/business/user/user.go:160.9,162.4 1 0
github.com/sergicanet9/go-mongo-restapi/business/user/user.go:164.21,166.3 1 0
github.com/sergicanet9/go-mongo-restapi/business/user/user.go:169.77,171.3 1 0
github.com/sergicanet9/go-mongo-restapi/business/user/user.go:176.43,177.64 1 1
github.com/sergicanet9/go-mongo-restapi/business/user/user.go:180.2,180.12 1 1
github.com/sergicanet9/go-mongo-restapi/business/user/user.go:177.64,179.3 1 0
github.com/sergicanet9/go-mongo-restapi/business/user/user.go:184.46,186.2 1 0
github.com/sergicanet9/go-mongo-restapi/business/user/user.go:189.49,195.16 5 0
github.com/sergicanet9/go-mongo-restapi/business/user/user.go:198.2,202.16 4 0
github.com/sergicanet9/go-mongo-restapi/business/user/user.go:205.2,207.16 3 0
github.com/sergicanet9/go-mongo-restapi/business/user/user.go:211.2,211.77 1 0
github.com/sergicanet9/go-mongo-restapi/business/user/user.go:239.2,240.12 2 0
github.com/sergicanet9/go-mongo-restapi/business/user/user.go:195.16,197.3 1 0
github.com/sergicanet9/go-mongo-restapi/business/user/user.go:202.16,204.3 1 0
github.com/sergicanet9/go-mongo-restapi/business/user/user.go:207.16,209.3 1 0
github.com/sergicanet9/go-mongo-restapi/business/user/user.go:211.77,220.17 2 0
github.com/sergicanet9/go-mongo-restapi/business/user/user.go:224.3,232.17 2 0
github.com/sergicanet9/go-mongo-restapi/business/user/user.go:236.3,236.18 1 0
github.com/sergicanet9/go-mongo-restapi/business/user/user.go:220.17,222.4 1 0
github.com/sergicanet9/go-mongo-restapi/business/user/user.go:232.17,234.4 1 0
github.com/sergicanet9/go-mongo-restapi/business/user/user.go:243.81,250.31 6 1
github.com/sergicanet9/go-mongo-restapi/business/user/user.go:258.2,260.16 3 1
github.com/sergicanet9/go-mongo-restapi/business/user/user.go:263.2,263.19 1 1
github.com/sergicanet9/go-mongo-restapi/business/user/user.go:250.31,251.48 1 0
github.com/sergicanet9/go-mongo-restapi/business/user/user.go:251.48,253.4 1 0
github.com/sergicanet9/go-mongo-restapi/business/user/user.go:253.9,255.4 1 0
github.com/sergicanet9/go-mongo-restapi/business/user/user.go:260.16,262.3 1 0
github.com/sergicanet9/go-mongo-restapi/business/user/user.go:266.43,268.16 2 1
github.com/sergicanet9/go-mongo-restapi/business/user/user.go:271.2,272.12 2 1
github.com/sergicanet9/go-mongo-restapi/business/user/user.go:268.16,270.3 1 0
github.com/sergicanet9/go-mongo-restapi/business/user/user.go:275.52,278.2 2 1
github.com/sergicanet9/go-mongo-restapi/api/handlers/user.go:16.74,26.2 9 1
github.com/sergicanet9/go-mongo-restapi/api/handlers/user.go:34.49,35.85 1 1
github.com/sergicanet9/go-mongo-restapi/api/handlers/user.go:35.85,38.17 3 1
github.com/sergicanet9/go-mongo-restapi/api/handlers/user.go:43.3,44.17 2 1
github.com/sergicanet9/go-mongo-restapi/api/handlers/user.go:48.3,48.52 1 1
github.com/sergicanet9/go-mongo-restapi/api/handlers/user.go:38.17,41.4 2 0
github.com/sergicanet9/go-mongo-restapi/api/handlers/user.go:44.17,47.4 2 0
github.com/sergicanet9/go-mongo-restapi/api/handlers/user.go:58.50,59.85 1 1
github.com/sergicanet9/go-mongo-restapi/api/handlers/user.go:59.85,62.17 3 1
github.com/sergicanet9/go-mongo-restapi/api/handlers/user.go:67.3,68.17 2 1
github.com/sergicanet9/go-mongo-restapi/api/handlers/user.go:72.3,72.55 1 1
github.com/sergicanet9/go-mongo-restapi/api/handlers/user.go:62.17,65.4 2 0
github.com/sergicanet9/go-mongo-restapi/api/handlers/user.go:68.17,71.4 2 0
github.com/sergicanet9/go-mongo-restapi/api/handlers/user.go:82.51,83.85 1 1
github.com/sergicanet9/go-mongo-restapi/api/handlers/user.go:83.85,85.17 2 1
github.com/sergicanet9/go-mongo-restapi/api/handlers/user.go:89.3,89.49 1 1
github.com/sergicanet9/go-mongo-restapi/api/handlers/user.go:85.17,88.4 2 0
github.com/sergicanet9/go-mongo-restapi/api/handlers/user.go:100.54,101.85 1 1
github.com/sergicanet9/go-mongo-restapi/api/handlers/user.go:101.85,104.17 3 1
github.com/sergicanet9/go-mongo-restapi/api/handlers/user.go:108.3,108.48 1 1
github.com/sergicanet9/go-mongo-restapi/api/handlers/user.go:104.17,107.4 2 0
github.com/sergicanet9/go-mongo-restapi/api/handlers/user.go:119.51,120.85 1 1
github.com/sergicanet9/go-mongo-restapi/api/handlers/user.go:120.85,123.17 3 1
github.com/sergicanet9/go-mongo-restapi/api/handlers/user.go:127.3,127.48 1 1
github.com/sergicanet9/go-mongo-restapi/api/handlers/user.go:123.17,126.4 2 0
github.com/sergicanet9/go-mongo-restapi/api/handlers/user.go:139.50,140.85 1 1
github.com/sergicanet9/go-mongo-restapi/api/handlers/user.go:140.85,144.17 4 1
github.com/sergicanet9/go-mongo-restapi/api/handlers/user.go:149.3,150.17 2 1
github.com/sergicanet9/go-mongo-restapi/api/handlers/user.go:154.3,154.47 1 1
github.com/sergicanet9/go-mongo-restapi/api/handlers/user.go:144.17,147.4 2 0
github.com/sergicanet9/go-mongo-restapi/api/handlers/user.go:150.17,153.4 2 0
github.com/sergicanet9/go-mongo-restapi/api/handlers/user.go:165.50,166.85 1 1
github.com/sergicanet9/go-mongo-restapi/api/handlers/user.go:166.85,169.17 3 1
github.com/sergicanet9/go-mongo-restapi/api/handlers/user.go:173.3,173.47 1 1
github.com/sergicanet9/go-mongo-restapi/api/handlers/user.go:169.17,172.4 2 0
github.com/sergicanet9/go-mongo-restapi/api/handlers/user.go:183.53,184.85 1 1
github.com/sergicanet9/go-mongo-restapi/api/handlers/user.go:184.85,187.3 2 0
github.com/sergicanet9/go-mongo-restapi/api/handlers/user.go:196.62,197.85 1 1
github.com/sergicanet9/go-mongo-restapi/api/handlers/user.go:197.85,199.17 2 0
github.com/sergicanet9/go-mongo-restapi/api/handlers/user.go:203.3,203.47 1 0
github.com/sergicanet9/go-mongo-restapi/api/handlers/user.go:199.17,202.4 2 0
github.com/sergicanet9/go-mongo-restapi/docs/docs.go:413.30,418.41 3 0
github.com/sergicanet9/go-mongo-restapi/docs/docs.go:423.2,423.16 1 0
github.com/sergicanet9/go-mongo-restapi/docs/docs.go:427.2,428.47 2 0
github.com/sergicanet9/go-mongo-restapi/docs/docs.go:432.2,432.21 1 0
github.com/sergicanet9/go-mongo-restapi/docs/docs.go:418.41,421.4 2 0
github.com/sergicanet9/go-mongo-restapi/docs/docs.go:423.16,425.3 1 0
github.com/sergicanet9/go-mongo-restapi/docs/docs.go:428.47,430.3 1 0
github.com/sergicanet9/go-mongo-restapi/docs/docs.go:435.13,437.2 1 1
